2025-06-22 11:30:59,479 [INFO] ===== Bing Rewards Automation Started - 2025-06-22 =====
2025-06-22 11:30:59,479 [INFO] Initializing Edge WebDriver for desktop searches
2025-06-22 11:31:01,189 [INFO] Already logged in.
2025-06-22 11:31:01,194 [INFO] Session cookies captured for reuse
2025-06-22 11:31:01,194 [INFO] Starting 30 desktop searches

--- DESKTOP SEARCHES - 2025-06-22 ---
2025-06-22 11:31:01,547 [INFO] [desktop] (1/30) 11:31:01 - Searched: "definition of autocue pacifically"
2025-06-22 11:31:17,873 [INFO] [desktop] (2/30) 11:31:17 - Searched: "examples of headrace"
2025-06-22 11:31:29,263 [INFO] [desktop] (3/30) 11:31:29 - Searched: "what is limpid leptosyne"
2025-06-22 11:31:38,487 [INFO] [desktop] (4/30) 11:31:38 - Searched: "definition of scaphitoid currycomb"
2025-06-22 11:31:51,899 [INFO] [desktop] (5/30) 11:31:51 - Searched: "how to shahdoms"
2025-06-22 11:32:10,687 [INFO] [desktop] (6/30) 11:32:10 - Searched: "definition of timeliest"
2025-06-22 11:37:41,218 [INFO] ===== Bing Rewards Automation Started - 2025-06-22 =====
2025-06-22 11:37:41,218 [INFO] Initializing Edge WebDriver for desktop searches
2025-06-22 11:37:41,218 [INFO] Running in headless mode.
2025-06-22 11:37:43,292 [INFO] Already logged in.
2025-06-22 11:37:43,300 [INFO] Session cookies captured for reuse
2025-06-22 11:37:43,300 [INFO] Starting 30 desktop searches

--- DESKTOP SEARCHES - 2025-06-22 ---
2025-06-22 11:37:45,066 [INFO] [desktop] (1/30) 11:37:43 - Searched: "how to inseverably"
2025-06-22 11:38:02,243 [INFO] [desktop] (2/30) 11:38:02 - Searched: "examples of cursillo"
2025-06-22 11:38:12,333 [INFO] [desktop] (3/30) 11:38:12 - Searched: "meaning of rosminian connivingly"
2025-06-22 11:38:20,886 [INFO] [desktop] (4/30) 11:38:20 - Searched: "definition of disperge verdantly"
2025-06-22 11:38:29,146 [INFO] [desktop] (5/30) 11:38:29 - Searched: "how to unstealthiness"
2025-06-22 11:38:44,508 [INFO] [desktop] (6/30) 11:38:44 - Searched: "examples of corrosiveness"
